<?xml version="1.0" encoding="UTF-8"?>
<!-- Generated by org.testng.reporters.JUnitReportReporter -->
<testsuite skipped="0" hostname="Sirisha" name="com.actitime.testscripts.CreateCustomer" tests="1" failures="0" timestamp="2020-01-27T19:08:50 IST" time="34.410" errors="0">
  <testcase name="testCreateCustomer" time="34.410" classname="com.actitime.testscripts.CreateCustomer"/>
  <system-out/>
</testsuite> <!-- com.actitime.testscripts.CreateCustomer -->
