<?xml version="1.0" encoding="UTF-8"?>
<!-- Generated by org.testng.reporters.JUnitReportReporter -->
<testsuite skipped="0" hostname="Sirisha" name="com.actitime.testscripts.CreateBill" tests="1" failures="0" timestamp="2020-01-29T10:56:38 IST" time="2.525" errors="0">
  <testcase name="testCreateBill" time="2.525" classname="com.actitime.testscripts.CreateBill"/>
  <system-out/>
</testsuite> <!-- com.actitime.testscripts.CreateBill -->
